<?xml version='1.1' encoding='UTF-8'?>
<result plugin="junit@1119.1121.vc43d0fc45561">
  <suites>
    <suite>
      <file>/var/jenkins_home/workspace/jenkins-docker-maven-github-prometheus-plugin/target/surefire-reports/TEST-InjectedTest.xml</file>
      <name>InjectedTest</name>
      <stdout>Running tests for org.jenkins-ci.plugins:prometheus:2.0.14-SNAPSHOT
SLF4J: No SLF4J providers were found.
SLF4J: Defaulting to no-operation (NOP) logger implementation
SLF4J: See https://www.slf4j.org/codes.html#noProviders for further details.
SLF4J: Class path contains SLF4J bindings targeting slf4j-api versions 1.7.x or earlier.
SLF4J: Ignoring binding found at [jar:file:/root/.m2/repository/org/slf4j/slf4j-jdk14/1.7.32/slf4j-jdk14-1.7.32.jar!/org/slf4j/impl/StaticLoggerBinder.class]
SLF4J: S
...[truncated 2555 bytes]...
jobs
Sep 23, 2022 2:06:08 PM jenkins.InitReactorRunner$1 onAttained
INFO: Configuration for all jobs updated
Sep 23, 2022 2:06:08 PM com.cloudbees.simplediskusage.QuickDiskUsagePlugin$3 run
INFO: Waiting for Jenkins to be up before computing disk usage
Sep 23, 2022 2:06:09 PM jenkins.InitReactorRunner$1 onAttained
INFO: Completed initialization
Sep 23, 2022 2:07:20 PM jenkins.model.Jenkins cleanUp
INFO: Stopping Jenkins
Sep 23, 2022 2:07:20 PM jenkins.model.Jenkins cleanUp
INFO: Jenkins stopped
</stdout>
      <duration>105.855</duration>
      <time>105.855</time>
      <nodeId>16</nodeId>
      <enclosingBlocks>
        <string>14</string>
      </enclosingBlocks>
      <enclosingBlockNames>
        <string>Declarative: Post Actions</string>
      </enclosingBlockNames>
      <cases>
        <case>
          <duration>0.075</duration>
          <className>org.jvnet.hudson.test.JellyTestSuiteBuilder$JellyCheck</className>
          <testName>org/jenkinsci/plugins/prometheus/config/PrometheusConfiguration/help-collectDiskUsage.jelly</testName>
          <skipped>false</skipped>
          <failedSince>0</failedSince>
        </case>
        <case>
          <duration>0.002</duration>
          <className>org.jvnet.hudson.test.JellyTestSuiteBuilder$JellyCheck</className>
          <testName>org/jenkinsci/plugins/prometheus/config/PrometheusConfiguration/help-countUnstableBuilds.jelly</testName>
          <skipped>false</skipped>
          <failedSince>0</failedSince>
        </case>
        <case>
          <duration>0.004</duration>
          <className>org.jvnet.hudson.test.JellyTestSuiteBuilder$JellyCheck</className>
          <testName>org/jenkinsci/plugins/prometheus/config/PrometheusConfiguration/help-path.jelly</testName>
          <skipped>false</skipped>
          <failedSince>0</failedSince>
        </case>
        <case>
          <duration>0.004</duration>
          <className>org.jvnet.hudson.test.JellyTestSuiteBuilder$JellyCheck</className>
          <testName>org/jenkinsci/plugins/prometheus/config/PrometheusConfiguration/help-appendStatusLabel.jelly</testName>
          <skipped>false</skipped>
          <failedSince>0</failedSince>
        </case>
        <case>
          <duration>0.003</duration>
          <className>org.jvnet.hudson.test.JellyTestSuiteBuilder$JellyCheck</className>
          <testName>org/jenkinsci/plugins/prometheus/config/PrometheusConfiguration/help-processingDisabledBuilds.jelly</testName>
          <skipped>false</skipped>
          <failedSince>0</failedSince>
        </case>
        <case>
          <duration>0.007</duration>
          <className>org.jvnet.hudson.test.JellyTestSuiteBuilder$JellyCheck</className>
          <testName>org/jenkinsci/plugins/prometheus/config/PrometheusConfiguration/help-perBuildMetrics.jelly</testName>
          <skipped>false</skipped>
          <failedSince>0</failedSince>
        </case>
        <case>
          <duration>0.004</duration>
          <className>org.jvnet.hudson.test.JellyTestSuiteBuilder$JellyCheck</className>
          <testName>org/jenkinsci/plugins/prometheus/config/PrometheusConfiguration/help-appendParamLabel.jelly</testName>
          <skipped>false</skipped>
          <failedSince>0</failedSince>
        </case>
        <case>
          <duration>0.004</duration>
          <className>org.jvnet.hudson.test.JellyTestSuiteBuilder$JellyCheck</className>
          <testName>org/jenkinsci/plugins/prometheus/config/PrometheusConfiguration/help-fetchTestResults.jelly</testName>
          <skipped>false</skipped>
          <failedSince>0</failedSince>
        </case>
        <case>
          <duration>0.004</duration>
          <className>org.jvnet.hudson.test.JellyTestSuiteBuilder$JellyCheck</className>
          <testName>org/jenkinsci/plugins/prometheus/config/PrometheusConfiguration/help-countAbortedBuilds.jelly</testName>
          <skipped>false</skipped>
          <failedSince>0</failedSince>
        </case>
        <case>
          <duration>0.003</duration>
          <className>org.jvnet.hudson.test.JellyTestSuiteBuilder$JellyCheck</className>
          <testName>org/jenkinsci/plugins/prometheus/config/PrometheusConfiguration/help-countNotBuiltBuilds.jelly</testName>
          <skipped>false</skipped>
          <failedSince>0</failedSince>
        </case>
        <case>
          <duration>0.003</duration>
          <className>org.jvnet.hudson.test.JellyTestSuiteBuilder$JellyCheck</className>
          <testName>org/jenkinsci/plugins/prometheus/config/PrometheusConfiguration/help-collectNodeStatus.jelly</testName>
          <skipped>false</skipped>
          <failedSince>0</failedSince>
        </case>
        <case>
          <duration>0.003</duration>
          <className>org.jvnet.hudson.test.JellyTestSuiteBuilder$JellyCheck</className>
          <testName>org/jenkinsci/plugins/prometheus/config/PrometheusConfiguration/help-useAuthenticatedEndpoint.jelly</testName>
          <skipped>false</skipped>
          <failedSince>0</failedSince>
        </case>
        <case>
          <duration>0.005</duration>
          <className>org.jvnet.hudson.test.JellyTestSuiteBuilder$JellyCheck</className>
          <testName>org/jenkinsci/plugins/prometheus/config/PrometheusConfiguration/help-countFailedBuilds.jelly</testName>
          <skipped>false</skipped>
          <failedSince>0</failedSince>
        </case>
        <case>
          <duration>0.004</duration>
          <className>org.jvnet.hudson.test.JellyTestSuiteBuilder$JellyCheck</className>
          <testName>org/jenkinsci/plugins/prometheus/config/PrometheusConfiguration/help-labeledBuildParameterNames.jelly</testName>
          <skipped>false</skipped>
          <failedSince>0</failedSince>
        </case>
        <case>
          <duration>0.002</duration>
          <className>org.jvnet.hudson.test.JellyTestSuiteBuilder$JellyCheck</className>
          <testName>org/jenkinsci/plugins/prometheus/config/PrometheusConfiguration/help-defaultNamespace.jelly</testName>
          <skipped>false</skipped>
          <failedSince>0</failedSince>
        </case>
        <case>
          <duration>0.556</duration>
          <className>org.jvnet.hudson.test.JellyTestSuiteBuilder$JellyCheck</className>
          <testName>org/jenkinsci/plugins/prometheus/config/PrometheusConfiguration/config.jelly</testName>
          <skipped>false</skipped>
          <failedSince>0</failedSince>
        </case>
        <case>
          <duration>0.003</duration>
          <className>org.jvnet.hudson.test.JellyTestSuiteBuilder$JellyCheck</className>
          <testName>org/jenkinsci/plugins/prometheus/config/PrometheusConfiguration/help-jobAttributeName.jelly</testName>
          <skipped>false</skipped>
          <failedSince>0</failedSince>
        </case>
        <case>
          <duration>0.002</duration>
          <className>org.jvnet.hudson.test.JellyTestSuiteBuilder$JellyCheck</className>
          <testName>org/jenkinsci/plugins/prometheus/config/PrometheusConfiguration/help-countSuccessfulBuilds.jelly</testName>
          <skipped>false</skipped>
          <failedSince>0</failedSince>
        </case>
        <case>
          <duration>0.002</duration>
          <className>org.jvnet.hudson.test.JellyTestSuiteBuilder$JellyCheck</className>
          <testName>org/jenkinsci/plugins/prometheus/config/PrometheusConfiguration/help-collectingMetricsPeriodInSeconds.jelly</testName>
          <skipped>false</skipped>
          <failedSince>0</failedSince>
        </case>
        <case>
          <duration>0.019</duration>
          <className>org.jvnet.hudson.test.PluginAutomaticTestBuilder$OtherTests</className>
          <testName>testCliSanity</testName>
          <skipped>false</skipped>
          <failedSince>0</failedSince>
        </case>
        <case>
          <duration>0.0</duration>
          <className>org.jvnet.hudson.test.PluginAutomaticTestBuilder$OtherTests</className>
          <testName>testPluginActive</testName>
          <skipped>false</skipped>
          <failedSince>0</failedSince>
        </case>
        <case>
          <duration>0.0</duration>
          <className>org.jvnet.hudson.test.junit.FailedTest</className>
          <testName>org.jvnet.hudson.test.JellyTestSuiteBuilder$JellyTestSuite</testName>
          <skipped>false</skipped>
          <failedSince>0</failedSince>
        </case>
        <case>
          <duration>0.001</duration>
          <className>org.jvnet.hudson.test.PropertiesTestSuite$PropertiesTest</className>
          <testName>org/jenkinsci/plugins/prometheus/config/Messages.properties</testName>
          <skipped>false</skipped>
          <failedSince>0</failedSince>
        </case>
      </cases>
    </suite>
    <suite>
      <file>/var/jenkins_home/workspace/jenkins-docker-maven-github-prometheus-plugin/target/surefire-reports/TEST-org.jenkinsci.plugins.prometheus.DiskUsageCollectorTest.xml</file>
      <name>org.jenkinsci.plugins.prometheus.DiskUsageCollectorTest</name>
      <stdout>SLF4J: No SLF4J providers were found.
SLF4J: Defaulting to no-operation (NOP) logger implementation
SLF4J: See https://www.slf4j.org/codes.html#noProviders for further details.
SLF4J: Class path contains SLF4J bindings targeting slf4j-api versions 1.7.x or earlier.
SLF4J: Ignoring binding found at [jar:file:/root/.m2/repository/org/slf4j/slf4j-jdk14/1.7.32/slf4j-jdk14-1.7.32.jar!/org/slf4j/impl/StaticLoggerBinder.class]
SLF4J: See https://www.slf4j.org/codes.html#ignoredBindings for an explanation.
</stdout>
      <duration>12.263</duration>
      <time>12.263</time>
      <nodeId>16</nodeId>
      <enclosingBlocks>
        <string>14</string>
      </enclosingBlocks>
      <enclosingBlockNames>
        <string>Declarative: Post Actions</string>
      </enclosingBlockNames>
      <cases>
        <case>
          <duration>9.592</duration>
          <className>org.jenkinsci.plugins.prometheus.DiskUsageCollectorTest</className>
          <testName>shouldProduceMetrics</testName>
          <skipped>false</skipped>
          <failedSince>0</failedSince>
        </case>
        <case>
          <duration>0.018</duration>
          <className>org.jenkinsci.plugins.prometheus.DiskUsageCollectorTest</className>
          <testName>shouldNotProduceMetricsWhenDisabled</testName>
          <skipped>false</skipped>
          <failedSince>0</failedSince>
        </case>
      </cases>
    </suite>
    <suite>
      <file>/var/jenkins_home/workspace/jenkins-docker-maven-github-prometheus-plugin/target/surefire-reports/TEST-org.jenkinsci.plugins.prometheus.JenkinsStatusCollectorTest.xml</file>
      <name>org.jenkinsci.plugins.prometheus.JenkinsStatusCollectorTest</name>
      <stdout>SLF4J: No SLF4J providers were found.
SLF4J: Defaulting to no-operation (NOP) logger implementation
SLF4J: See https://www.slf4j.org/codes.html#noProviders for further details.
SLF4J: Class path contains SLF4J bindings targeting slf4j-api versions 1.7.x or earlier.
SLF4J: Ignoring binding found at [jar:file:/root/.m2/repository/org/slf4j/slf4j-jdk14/1.7.32/slf4j-jdk14-1.7.32.jar!/org/slf4j/impl/StaticLoggerBinder.class]
SLF4J: See https://www.slf4j.org/codes.html#ignoredBindings for an explanation.
</stdout>
      <duration>18.523</duration>
      <time>18.523</time>
      <nodeId>16</nodeId>
      <enclosingBlocks>
        <string>14</string>
      </enclosingBlocks>
      <enclosingBlockNames>
        <string>Declarative: Post Actions</string>
      </enclosingBlockNames>
      <cases>
        <case>
          <duration>12.32</duration>
          <className>org.jenkinsci.plugins.prometheus.JenkinsStatusCollectorTest</className>
          <testName>shouldProduceNodeMetrics</testName>
          <skipped>false</skipped>
          <failedSince>0</failedSince>
        </case>
      </cases>
    </suite>
    <suite>
      <file>/var/jenkins_home/workspace/jenkins-docker-maven-github-prometheus-plugin/target/surefire-reports/TEST-org.jenkinsci.plugins.prometheus.config.PrometheusConfigurationTest.xml</file>
      <name>org.jenkinsci.plugins.prometheus.config.PrometheusConfigurationTest</name>
      <stdout>SLF4J: No SLF4J providers were found.
SLF4J: Defaulting to no-operation (NOP) logger implementation
SLF4J: See https://www.slf4j.org/codes.html#noProviders for further details.
SLF4J: Class path contains SLF4J bindings targeting slf4j-api versions 1.7.x or earlier.
SLF4J: Ignoring binding found at [jar:file:/root/.m2/repository/org/slf4j/slf4j-jdk14/1.7.32/slf4j-jdk14-1.7.32.jar!/org/slf4j/impl/StaticLoggerBinder.class]
SLF4J: See https://www.slf4j.org/codes.html#ignoredBindings for an explanation.
</stdout>
      <duration>4.124</duration>
      <time>4.124</time>
      <nodeId>16</nodeId>
      <enclosingBlocks>
        <string>14</string>
      </enclosingBlocks>
      <enclosingBlockNames>
        <string>Declarative: Post Actions</string>
      </enclosingBlockNames>
      <cases>
        <case>
          <duration>3.224</duration>
          <className>org.jenkinsci.plugins.prometheus.config.PrometheusConfigurationTest</className>
          <testName>shouldSetValueFromEnvForCollectDiskUsage</testName>
          <skipped>false</skipped>
          <failedSince>0</failedSince>
        </case>
        <case>
          <duration>0.503</duration>
          <className>org.jenkinsci.plugins.prometheus.config.PrometheusConfigurationTest</className>
          <testName>shouldReturnOk(1) [0]</testName>
          <skipped>false</skipped>
          <failedSince>0</failedSince>
        </case>
        <case>
          <duration>0.004</duration>
          <className>org.jenkinsci.plugins.prometheus.config.PrometheusConfigurationTest</className>
          <testName>shouldReturnOk(100) [1]</testName>
          <skipped>false</skipped>
          <failedSince>0</failedSince>
        </case>
        <case>
          <duration>0.003</duration>
          <className>org.jenkinsci.plugins.prometheus.config.PrometheusConfigurationTest</className>
          <testName>shouldReturnOk(5.7) [2]</testName>
          <skipped>false</skipped>
          <failedSince>0</failedSince>
        </case>
        <case>
          <duration>0.005</duration>
          <className>org.jenkinsci.plugins.prometheus.config.PrometheusConfigurationTest</className>
          <testName>shouldReturnOk(2147483647) [3]</testName>
          <skipped>false</skipped>
          <failedSince>0</failedSince>
        </case>
        <case>
          <duration>0.018</duration>
          <className>org.jenkinsci.plugins.prometheus.config.PrometheusConfigurationTest</className>
          <testName>shouldSetValueFromEnvForCollectingMetricsPeriodInSeconds</testName>
          <skipped>false</skipped>
          <failedSince>0</failedSince>
        </case>
        <case>
          <duration>0.005</duration>
          <className>org.jenkinsci.plugins.prometheus.config.PrometheusConfigurationTest</className>
          <testName>shouldSetDefaultValueWhenEnvCannotBeConvertedToLongORNegativeValue(0) [0]</testName>
          <skipped>false</skipped>
          <failedSince>0</failedSince>
        </case>
        <case>
          <duration>0.003</duration>
          <className>org.jenkinsci.plugins.prometheus.config.PrometheusConfigurationTest</className>
          <testName>shouldSetDefaultValueWhenEnvCannotBeConvertedToLongORNegativeValue(-1) [1]</testName>
          <skipped>false</skipped>
          <failedSince>0</failedSince>
        </case>
        <case>
          <duration>0.003</duration>
          <className>org.jenkinsci.plugins.prometheus.config.PrometheusConfigurationTest</className>
          <testName>shouldSetDefaultValueWhenEnvCannotBeConvertedToLongORNegativeValue(test) [2]</testName>
          <skipped>false</skipped>
          <failedSince>0</failedSince>
        </case>
        <case>
          <duration>0.003</duration>
          <className>org.jenkinsci.plugins.prometheus.config.PrometheusConfigurationTest</className>
          <testName>shouldSetDefaultValueWhenEnvCannotBeConvertedToLongORNegativeValue(null) [3]</testName>
          <skipped>false</skipped>
          <failedSince>0</failedSince>
        </case>
        <case>
          <duration>0.006</duration>
          <className>org.jenkinsci.plugins.prometheus.config.PrometheusConfigurationTest</className>
          <testName>shouldSetDefaultValueWhenEnvCannotBeConvertedToLongORNegativeValue(100L) [4]</testName>
          <skipped>false</skipped>
          <failedSince>0</failedSince>
        </case>
        <case>
          <duration>0.003</duration>
          <className>org.jenkinsci.plugins.prometheus.config.PrometheusConfigurationTest</className>
          <testName>shouldSetDefaultValue</testName>
          <skipped>false</skipped>
          <failedSince>0</failedSince>
        </case>
        <case>
          <duration>0.013</duration>
          <className>org.jenkinsci.plugins.prometheus.config.PrometheusConfigurationTest</className>
          <testName>shouldGetErrorWhenNotPositiveNumber(0) [0]</testName>
          <skipped>false</skipped>
          <failedSince>0</failedSince>
        </case>
        <case>
          <duration>0.003</duration>
          <className>org.jenkinsci.plugins.prometheus.config.PrometheusConfigurationTest</className>
          <testName>shouldGetErrorWhenNotPositiveNumber(-1) [1]</testName>
          <skipped>false</skipped>
          <failedSince>0</failedSince>
        </case>
        <case>
          <duration>0.008</duration>
          <className>org.jenkinsci.plugins.prometheus.config.PrometheusConfigurationTest</className>
          <testName>shouldGetErrorWhenNotPositiveNumber(test) [2]</testName>
          <skipped>false</skipped>
          <failedSince>0</failedSince>
        </case>
        <case>
          <duration>0.003</duration>
          <className>org.jenkinsci.plugins.prometheus.config.PrometheusConfigurationTest</className>
          <testName>shouldGetErrorWhenNotPositiveNumber(null) [3]</testName>
          <skipped>false</skipped>
          <failedSince>0</failedSince>
        </case>
        <case>
          <duration>0.002</duration>
          <className>org.jenkinsci.plugins.prometheus.config.PrometheusConfigurationTest</className>
          <testName>shouldGetErrorWhenNotPositiveNumber(100L) [4]</testName>
          <skipped>false</skipped>
          <failedSince>0</failedSince>
        </case>
      </cases>
    </suite>
    <suite>
      <file>/var/jenkins_home/workspace/jenkins-docker-maven-github-prometheus-plugin/target/surefire-reports/TEST-org.jenkinsci.plugins.prometheus.rest.PrometheusActionTest.xml</file>
      <name>org.jenkinsci.plugins.prometheus.rest.PrometheusActionTest</name>
      <stdout>SLF4J: No SLF4J providers were found.
SLF4J: Defaulting to no-operation (NOP) logger implementation
SLF4J: See https://www.slf4j.org/codes.html#noProviders for further details.
SLF4J: Class path contains SLF4J bindings targeting slf4j-api versions 1.7.x or earlier.
SLF4J: Ignoring binding found at [jar:file:/root/.m2/repository/org/slf4j/slf4j-jdk14/1.7.32/slf4j-jdk14-1.7.32.jar!/org/slf4j/impl/StaticLoggerBinder.class]
SLF4J: See https://www.slf4j.org/codes.html#ignoredBindings for an explanation.
</stdout>
      <duration>4.964</duration>
      <time>4.964</time>
      <nodeId>16</nodeId>
      <enclosingBlocks>
        <string>14</string>
      </enclosingBlocks>
      <enclosingBlockNames>
        <string>Declarative: Post Actions</string>
      </enclosingBlockNames>
      <cases>
        <case>
          <duration>2.825</duration>
          <className>org.jenkinsci.plugins.prometheus.rest.PrometheusActionTest</className>
          <testName>shouldThrowExceptionWhenAuthenticationEnabledAndInsufficientPermission</testName>
          <skipped>false</skipped>
          <failedSince>0</failedSince>
        </case>
        <case>
          <duration>0.179</duration>
          <className>org.jenkinsci.plugins.prometheus.rest.PrometheusActionTest</className>
          <testName>shouldReturnMetrics</testName>
          <skipped>false</skipped>
          <failedSince>0</failedSince>
        </case>
        <case>
          <duration>0.007</duration>
          <className>org.jenkinsci.plugins.prometheus.rest.PrometheusActionTest</className>
          <testName>shouldThrowExceptionWhenDoesNotMatchPath</testName>
          <skipped>false</skipped>
          <failedSince>0</failedSince>
        </case>
      </cases>
    </suite>
    <suite>
      <file>/var/jenkins_home/workspace/jenkins-docker-maven-github-prometheus-plugin/target/surefire-reports/TEST-org.jenkinsci.plugins.prometheus.service.PrometheusAsyncWorkerTest.xml</file>
      <name>org.jenkinsci.plugins.prometheus.service.PrometheusAsyncWorkerTest</name>
      <stdout>SLF4J: No SLF4J providers were found.
SLF4J: Defaulting to no-operation (NOP) logger implementation
SLF4J: See https://www.slf4j.org/codes.html#noProviders for further details.
SLF4J: Class path contains SLF4J bindings targeting slf4j-api versions 1.7.x or earlier.
SLF4J: Ignoring binding found at [jar:file:/root/.m2/repository/org/slf4j/slf4j-jdk14/1.7.32/slf4j-jdk14-1.7.32.jar!/org/slf4j/impl/StaticLoggerBinder.class]
SLF4J: See https://www.slf4j.org/codes.html#ignoredBindings for an explanation.
</stdout>
      <duration>0.554</duration>
      <time>0.554</time>
      <nodeId>16</nodeId>
      <enclosingBlocks>
        <string>14</string>
      </enclosingBlocks>
      <enclosingBlockNames>
        <string>Declarative: Post Actions</string>
      </enclosingBlockNames>
      <cases>
        <case>
          <duration>0.411</duration>
          <className>org.jenkinsci.plugins.prometheus.service.PrometheusAsyncWorkerTest</className>
          <testName>shouldCollectMetrics</testName>
          <skipped>false</skipped>
          <failedSince>0</failedSince>
        </case>
      </cases>
    </suite>
    <suite>
      <file>/var/jenkins_home/workspace/jenkins-docker-maven-github-prometheus-plugin/target/surefire-reports/TEST-org.jenkinsci.plugins.prometheus.util.ConfigurationUtilsTest.xml</file>
      <name>org.jenkinsci.plugins.prometheus.util.ConfigurationUtilsTest</name>
      <stdout>SLF4J: No SLF4J providers were found.
SLF4J: Defaulting to no-operation (NOP) logger implementation
SLF4J: See https://www.slf4j.org/codes.html#noProviders for further details.
SLF4J: Class path contains SLF4J bindings targeting slf4j-api versions 1.7.x or earlier.
SLF4J: Ignoring binding found at [jar:file:/root/.m2/repository/org/slf4j/slf4j-jdk14/1.7.32/slf4j-jdk14-1.7.32.jar!/org/slf4j/impl/StaticLoggerBinder.class]
SLF4J: See https://www.slf4j.org/codes.html#ignoredBindings for an explanation.
</stdout>
      <duration>5.941</duration>
      <time>5.941</time>
      <nodeId>16</nodeId>
      <enclosingBlocks>
        <string>14</string>
      </enclosingBlocks>
      <enclosingBlockNames>
        <string>Declarative: Post Actions</string>
      </enclosingBlockNames>
      <cases>
        <case>
          <duration>0.316</duration>
          <className>org.jenkinsci.plugins.prometheus.util.ConfigurationUtilsTest</className>
          <testName>verifyGetNamespaceWhenEnvIsNonEmpty</testName>
          <skipped>false</skipped>
          <failedSince>0</failedSince>
        </case>
        <case>
          <duration>5.268</duration>
          <className>org.jenkinsci.plugins.prometheus.util.ConfigurationUtilsTest</className>
          <testName>verifyGetNamespaceWhenEnvIsNotSetOrEmpty(true) [0]</testName>
          <skipped>false</skipped>
          <failedSince>0</failedSince>
        </case>
        <case>
          <duration>0.004</duration>
          <className>org.jenkinsci.plugins.prometheus.util.ConfigurationUtilsTest</className>
          <testName>verifyGetNamespaceWhenEnvIsNotSetOrEmpty(false) [1]</testName>
          <skipped>false</skipped>
          <failedSince>0</failedSince>
        </case>
        <case>
          <duration>0.0</duration>
          <className>org.jenkinsci.plugins.prometheus.util.ConfigurationUtilsTest</className>
          <testName>verifyGetSubSystem</testName>
          <skipped>false</skipped>
          <failedSince>0</failedSince>
        </case>
      </cases>
    </suite>
    <suite>
      <file>/var/jenkins_home/workspace/jenkins-docker-maven-github-prometheus-plugin/target/surefire-reports/TEST-org.jenkinsci.plugins.prometheus.util.JenkinsNodeBuildsSampleBuilderTest.xml</file>
      <name>org.jenkinsci.plugins.prometheus.util.JenkinsNodeBuildsSampleBuilderTest</name>
      <duration>0.17</duration>
      <time>0.17</time>
      <nodeId>16</nodeId>
      <enclosingBlocks>
        <string>14</string>
      </enclosingBlocks>
      <enclosingBlockNames>
        <string>Declarative: Post Actions</string>
      </enclosingBlockNames>
      <cases>
        <case>
          <duration>0.013</duration>
          <className>org.jenkinsci.plugins.prometheus.util.JenkinsNodeBuildsSampleBuilderTest</className>
          <testName>master_node_histogram_format</testName>
          <skipped>false</skipped>
          <failedSince>0</failedSince>
        </case>
        <case>
          <duration>0.001</duration>
          <className>org.jenkinsci.plugins.prometheus.util.JenkinsNodeBuildsSampleBuilderTest</className>
          <testName>master_node_count_format</testName>
          <skipped>false</skipped>
          <failedSince>0</failedSince>
        </case>
        <case>
          <duration>0.001</duration>
          <className>org.jenkinsci.plugins.prometheus.util.JenkinsNodeBuildsSampleBuilderTest</className>
          <testName>named_node_count_format</testName>
          <skipped>false</skipped>
          <failedSince>0</failedSince>
        </case>
        <case>
          <duration>0.001</duration>
          <className>org.jenkinsci.plugins.prometheus.util.JenkinsNodeBuildsSampleBuilderTest</className>
          <testName>named_node_histogram_format</testName>
          <skipped>false</skipped>
          <failedSince>0</failedSince>
        </case>
      </cases>
    </suite>
  </suites>
  <duration>152.394</duration>
  <skipOldReports>false</skipOldReports>
  <keepLongStdio>false</keepLongStdio>
</result>